<?xml version="1.0" encoding="UTF-8"?>
<testng-results skipped="0" failed="0" ignored="0" total="1" passed="1">
  <reporter-output>
  </reporter-output>
  <suite name="Suite" duration-ms="4200" started-at="2019-09-27T11:53:15 IDT" finished-at="2019-09-27T11:53:19 IDT">
    <groups>
    </groups>
    <test name="Test" duration-ms="4200" started-at="2019-09-27T11:53:15 IDT" finished-at="2019-09-27T11:53:19 IDT">
      <class name="NewTest">
        <test-method status="PASS" signature="f()[pri:0, instance:NewTest@39fb3ab6]" name="f" duration-ms="4161" started-at="2019-09-27T11:53:15 IDT" finished-at="2019-09-27T11:53:19 IDT">
          <reporter-output>
          </reporter-output>
        </test-method> <!-- f -->
      </class> <!-- NewTest -->
    </test> <!-- Test -->
  </suite> <!-- Suite -->
</testng-results>
